build/app/outputs/mapping/release/seeds.txt
com.gzone.receptico.MainActivity
com.gzone.receptico.MainActivity: MainActivity()
...
kotlinx.coroutines.EventLoopImplBase: java.lang.Object _delayed
com.google.android.gms.internal.measurement.zzfy$zzj: int zze
com.google.android.gms.internal.measurement.zzfo$zzb: boolean zzi
com.google.android.gms.internal.measurement.zzfr$zzi: com.google.android.gms.internal.measurement.zzfr$zzi zzc
com.google.android.gms.internal.measurement.zzfo$zzd: java.lang.String zzj
kotlinx.coroutines.EventLoopImplBase: java.lang.Object _queue
com.google.android.gms.internal.measurement.zzfo$zzc: int zze
com.google.android.gms.internal.measurement.zzfy$zzh: java.lang.String zzg
com.google.android.gms.measurement.AppMeasurement$ConditionalUserProperty: java.lang.String mTimedOutEventName
kotlinx.coroutines.JobSupport$Finishing: java.lang.Object _exceptionsHolder
com.google.android.gms.internal.measurement.zzfy$zzk: int zzbo
androidx.concurrent.futures.AbstractResolvableFuture$Waiter: androidx.concurrent.futures.AbstractResolvableFuture$Waiter next
com.google.android.gms.signin.internal.zag: android.os.Parcelable$Creator CREATOR
com.google.android.gms.internal.measurement.zzfr$zza: com.google.android.gms.internal.measurement.zzll zzd
com.google.android.gms.internal.measurement.zzfr$zzh: int zze
com.google.android.gms.internal.measurement.zzfy$zzk: int zzaq
io.flutter.embedding.engine.renderer.FlutterRenderer$ImageReaderSurfaceProducer: int numTrims
com.google.android.gms.internal.measurement.zzfy$zzn: int zzf
com.google.android.gms.internal.measurement.zzfy$zza: java.lang.String zzj
com.google.android.gms.internal.measurement.zzfr$zzg: com.google.android.gms.internal.measurement.zzll zzd
com.google.android.gms.internal.measurement.zzfy$zzm: com.google.android.gms.internal.measurement.zzkc zzh
com.google.android.gms.internal.measurement.zzjt: java.util.Map zzc
com.google.android.gms.internal.measurement.zzfy$zzk: java.lang.String zzal
com.google.android.gms.internal.measurement.zzfr$zzi: java.lang.String zzg
com.google.android.gms.internal.measurement.zzfy$zzk: java.lang.String zzba
com.google.android.gms.internal.measurement.zzfy$zzk: int zzai
com.google.android.gms.internal.measurement.zzfy$zzh: double zzj
kotlinx.coroutines.internal.LockFreeLinkedListNode: java.lang.Object _removedRef
com.google.android.gms.internal.measurement.zzfy$zzd: com.google.android.gms.internal.measurement.zzfy$zzm zzg
io.flutter.embedding.engine.FlutterJNI: boolean initCalled
com.google.android.gms.internal.measurement.zzfy$zza: com.google.android.gms.internal.measurement.zzll zzd
com.google.android.gms.internal.measurement.zzfr$zzh: com.google.android.gms.internal.measurement.zzll zzd
com.google.android.gms.internal.measurement.zzfr$zzd: com.google.android.gms.internal.measurement.zzll zzd
com.google.android.gms.internal.measurement.zzfr$zza$zzc: int zzf
com.google.android.gms.internal.measurement.zzfo$zzb: com.google.android.gms.internal.measurement.zzkc zzh
com.google.android.gms.internal.measurement.zzfo$zzb: boolean zzm
com.google.android.gms.internal.measurement.zzfy$zzb: java.lang.String zzg
com.google.android.gms.common.api.Status: android.os.Parcelable$Creator CREATOR
io.flutter.embedding.engine.renderer.FlutterRenderer$ImageReaderSurfaceProducer: boolean createNewReader
com.google.android.gms.internal.measurement.zzfy$zzj: com.google.android.gms.internal.measurement.zzll zzd
com.google.android.gms.internal.measurement.zzfr$zzd: com.google.android.gms.internal.measurement.zzfr$zza zzr
kotlinx.coroutines.JobSupport$Finishing: java.lang.Object _rootCause
com.google.android.gms.internal.measurement.zzgd$zzc: com.google.android.gms.internal.measurement.zzgd$zzc zzc
com.google.android.gms.internal.measurement.zzfo$zzc: java.lang.String zzi
io.flutter.plugin.platform.SingleViewPresentation: boolean startFocused
com.google.android.gms.internal.measurement.zzfr$zzd: com.google.android.gms.internal.measurement.zzkc zzk