build/app/outputs/mapping/release/usage.txt
com.gzone.receptico.R$drawable
com.gzone.receptico.R$mipmap
com.gzone.receptico.R$string
com.gzone.receptico.R$style
com.gzone.receptico.R
com.gzone.receptico.MainActivity:
    private static void $r8$constructor$io$flutter$embedding$android$FlutterActivity()
    public final synthetic bridge boolean attachToEngineAutomatically()
    public static boolean attachToEngineAutomatically$io$flutter$embedding$android$FlutterActivity()
    public static void cancelBackGesture()
    public static void cancelBackGesture$io$flutter$embedding$android$FlutterActivity()
    public final synthetic bridge void cleanUpFlutterEngine()
    public static void cleanUpFlutterEngine$io$flutter$embedding$android$FlutterActivity()
    public static void commitBackGesture()
    public static void commitBackGesture$io$flutter$embedding$android$FlutterActivity()
    public final void configureFlutterEngine()
    public static void configureFlutterEngine$io$flutter$embedding$android$FlutterActivity()
    public static void configureStatusBarForFullscreenFlutterExperience()
    public static void configureStatusBarForFullscreenFlutterExperience$io$flutter$embedding$android$FlutterActivity()
    public static void configureWindowForTransparency()
    public static void configureWindowForTransparency$io$flutter$embedding$android$FlutterActivity()
    public static android.view.View createFlutterView()
    public static android.view.View createFlutterView$io$flutter$embedding$android$FlutterActivity()
    public static android.window.OnBackInvokedCallback createOnBackInvokedCallback()
...
kotlinx.coroutines.TimeoutCancellationException
kotlinx.coroutines.Unconfined:
    public static final kotlinx.coroutines.Unconfined INSTANCE
kotlinx.coroutines.UndispatchedCoroutine
kotlinx.coroutines.YieldContext$Key
kotlinx.coroutines.YieldContext:
    public boolean dispatcherWasUnconfined
kotlinx.coroutines.android.AndroidExceptionPreHandler:
    public static java.lang.reflect.Method preHandler()
kotlinx.coroutines.android.HandlerContext:
    private static void $r8$constructor$kotlinx$coroutines$android$HandlerDispatcher()
    private static void $r8$constructor$kotlinx$coroutines$android$HandlerDispatcher$1()
    public static void cancelOnRejection()
    public final kotlinx.coroutines.MainCoroutineDispatcher getImmediate()
    public static kotlinx.coroutines.android.HandlerContext getImmediate()
kotlinx.coroutines.android.HandlerDispatcher
kotlinx.coroutines.android.HandlerDispatcherKt:
    public static final kotlinx.coroutines.android.HandlerContext Main
kotlinx.coroutines.channels.BufferedChannel$$InternalSyntheticBackportWithForwarding$1$22d772ece9951c57b6c6838708ed6a0c0b7b7c6b2e30846e98562d0843351135$0
kotlinx.coroutines.channels.BufferedChannel$$InternalSyntheticBackportWithForwarding$1$4a9bd679a1394752335595545e3149df7571ff8e128cbf91c644990d532ffae0$0
kotlinx.coroutines.channels.BufferedChannel$$InternalSyntheticBackportWithForwarding$1$4a9bd679a1394752335595545e3149df7571ff8e128cbf91c644990d532ffae0$1
kotlinx.coroutines.channels.BufferedChannel$$InternalSyntheticBackportWithForwarding$1$957406b7c26b0a7b5b2f51f7f377af833a93d3b5dac0e783b0ca1c20ad6f60ed$0
kotlinx.coroutines.channels.BufferedChannel$$InternalSyntheticBackportWithForwarding$1$a82bd6526252716f45c1e2dc8f515c9caee29cc0b548304b3857573170eae365$0
kotlinx.coroutines.channels.BufferedChannel$$InternalSyntheticBackportWithForwarding$1$bcbc3f28be89ee994214095173536a5f483e6b95f4970358df5efac2ce97a0ff$0
kotlinx.coroutines.channels.BufferedChannel$$InternalSyntheticBackportWithForwarding$2$5c5875554d9a63f279a3ad51adfc933e06e8b7c3eeacf9cbddf63efbd65119d6$0
kotlinx.coroutines.channels.BufferedChannel$$InternalSyntheticBackportWithForwarding$2$5c5875554d9a63f279a3ad51adfc933e06e8b7c3eeacf9cbddf63efbd65119d6$1
kotlinx.coroutines.channels.BufferedChannel$$InternalSyntheticBackportWithForwarding$2$afac5bfa0554c7bd1dc60b3313389abb7b317b180ca8e388b630c612c70cbe61$0
kotlinx.coroutines.channels.BufferedChannel$$InternalSyntheticThrowCCEIfNotNull$142$7b9639faab7ec0b0e8206097997b0e0f2dbfbe319af675383e1377179aef4bb5$0
kotlinx.coroutines.channels.BufferedChannel$$InternalSyntheticThrowCCEIfNotNull$142$7b9639faab7ec0b0e8206097997b0e0f2dbfbe319af675383e1377179aef4bb5$1
kotlinx.coroutines.channels.BufferedChannel$$InternalSyntheticThrowCCEIfNotNull$142$7b9639faab7ec0b0e8206097997b0e0f2dbfbe319af675383e1377179aef4bb5$2
kotlinx.coroutines.channels.BufferedChannel$$InternalSyntheticThrowCCEIfNotNull$30$1639c53f7cf02c6177b692dfa8445c6677e1ac78b67d70ed1d641ef9e1161dd0$0
kotlinx.coroutines.channels.BufferedChannel$$InternalSyntheticThrowCCEIfNotNull$30$1639c53f7cf02c6177b692dfa8445c6677e1ac78b67d70ed1d641ef9e1161dd0$1
kotlinx.coroutines.channels.BufferedChannel$$InternalSyntheticThrowCCEIfNotNull$30$1639c53f7cf02c6177b692dfa8445c6677e1ac78b67d70ed1d641ef9e1161dd0$2
kotlinx.coroutines.channels.BufferedChannel$$InternalSyntheticThrowCCEIfNotNull$31$edcb07344cacdca133f07998137684fa55aa298d59ffec8eeb41cfbef5225310$0
kotlinx.coroutines.channels.BufferedChannel$$InternalSyntheticThrowCCEIfNotNull$31$edcb07344cacdca133f07998137684fa55aa298d59ffec8eeb41cfbef5225310$1
kotlinx.coroutines.channels.BufferedChannel$$InternalSyntheticThrowCCEIfNotNull$31$edcb07344cacdca133f07998137684fa55aa298d59ffec8eeb41cfbef5225310$2
kotlinx.coroutines.channels.BufferedChannel$$InternalSyntheticThrowCCEIfNotNull$31$edcb07344cacdca133f07998137684fa55aa298d59ffec8eeb41cfbef5225310$3